
> Configure project :library
Loading gradle.local.properties
Leaving platform-specific artifactId: library-android
Configured publication: androidRelease, artifactId: library-android
Leaving platform-specific artifactId: imagepickerkmp-iosarm64
Configured publication: iosArm64, artifactId: imagepickerkmp-iosarm64
Leaving platform-specific artifactId: imagepickerkmp-iossimulatorarm64
Configured publication: iosSimulatorArm64, artifactId: imagepickerkmp-iossimulatorarm64
Leaving platform-specific artifactId: imagepickerkmp-iosx64
Configured publication: iosX64, artifactId: imagepickerkmp-iosx64
Leaving platform-specific artifactId: imagepickerkmp-js
Configured publication: js, artifactId: imagepickerkmp-js
Leaving platform-specific artifactId: imagepickerkmp-jvm
Configured publication: jvm, artifactId: imagepickerkmp-jvm
Configured publication: kotlinMultiplatform, artifactId: imagepickerkmp
Leaving platform-specific artifactId: imagepickerkmp-wasm-js
Configured publication: wasmJs, artifactId: imagepickerkmp-wasm-js
w: âš ï¸ Deprecated Source Set Layout V1
Found used source directory library/src/androidAndroidTest/kotlin
This source directory was supported by: Multiplatform/Android-V1-SourceSetLayout
Current KotlinAndroidSourceSetLayout: Multiplatform/Android-V2-SourceSetLayout
New source directory is: library/src/androidInstrumentedTest/kotlin
Please migrate to the new source directory: library/src/androidInstrumentedTest/kotlin


Configuration 'jsNpmAggregated' was resolved during configuration time.
This is a build performance and scalability issue.
See https://github.com/gradle/gradle/issues/2298
Run with --info for a stacktrace.
Configuration 'wasmJsNpmAggregated' was resolved during configuration time.
This is a build performance and scalability issue.
See https://github.com/gradle/gradle/issues/2298
Run with --info for a stacktrace.
Configuration 'jsTestNpmAggregated' was resolved during configuration time.
This is a build performance and scalability issue.
See https://github.com/gradle/gradle/issues/2298
Run with --info for a stacktrace.
Configuration 'wasmJsTestNpmAggregated' was resolved during configuration time.
This is a build performance and scalability issue.
See https://github.com/gradle/gradle/issues/2298
Run with --info for a stacktrace.

> Task :library:checkKotlinGradlePluginConfigurationErrors SKIPPED
> Task :assemble UP-TO-DATE
> Task :loadKtlintReporters UP-TO-DATE
> Task :runKtlintCheckOverKotlinScripts UP-TO-DATE
> Task :ktlintKotlinScriptCheck UP-TO-DATE
> Task :check
> Task :build
> Task :kotlinNpmCachesSetup
> Task :kotlinNodeJsSetup UP-TO-DATE
> Task :kotlinRestoreYarnLock UP-TO-DATE
> Task :kotlinYarnSetup UP-TO-DATE
> Task :library:transformCommonMainDependenciesMetadata UP-TO-DATE
> Task :library:compileCommonMainKotlinMetadata UP-TO-DATE
> Task :library:generateProjectStructureMetadata UP-TO-DATE
> Task :library:metadataCommonMainProcessResources NO-SOURCE
> Task :library:metadataCommonMainClasses UP-TO-DATE
> Task :library:allMetadataJar UP-TO-DATE
> Task :library:preBuild UP-TO-DATE
> Task :library:preDebugBuild UP-TO-DATE
> Task :library:checkDebugAarMetadata UP-TO-DATE
> Task :library:mergeDebugJniLibFolders UP-TO-DATE
> Task :library:mergeDebugNativeLibs NO-SOURCE
> Task :library:stripDebugDebugSymbols NO-SOURCE
> Task :library:copyDebugJniLibsProjectAndLocalJars UP-TO-DATE
> Task :library:generateDebugResValues UP-TO-DATE
> Task :library:generateDebugResources UP-TO-DATE
> Task :library:packageDebugResources UP-TO-DATE
> Task :library:processDebugNavigationResources UP-TO-DATE
> Task :library:parseDebugLocalResources UP-TO-DATE
> Task :library:generateDebugRFile UP-TO-DATE
> Task :library:compileDebugKotlinAndroid UP-TO-DATE
> Task :library:extractDebugAnnotations UP-TO-DATE
> Task :library:extractDeepLinksForAarDebug UP-TO-DATE
> Task :library:mergeDebugShaders UP-TO-DATE
> Task :library:compileDebugShaders NO-SOURCE
> Task :library:debugAssetsCopyForAGP NO-SOURCE
> Task :library:generateDebugAssets UP-TO-DATE
> Task :library:mergeDebugAssets UP-TO-DATE
> Task :library:javaPreCompileDebug UP-TO-DATE
> Task :library:compileDebugJavaWithJavac NO-SOURCE
> Task :library:mergeDebugGeneratedProguardFiles UP-TO-DATE
> Task :library:mergeDebugConsumerProguardFiles UP-TO-DATE
> Task :library:prepareDebugArtProfile UP-TO-DATE
> Task :library:prepareLintJarForPublish UP-TO-DATE
> Task :library:processDebugManifest UP-TO-DATE
> Task :library:processDebugJavaRes UP-TO-DATE
> Task :library:mergeDebugJavaResource UP-TO-DATE
> Task :library:syncDebugLibJars UP-TO-DATE
> Task :library:writeDebugAarMetadata UP-TO-DATE
> Task :library:bundleDebugAar UP-TO-DATE
> Task :library:assembleDebug UP-TO-DATE
> Task :library:preReleaseBuild UP-TO-DATE
> Task :library:checkReleaseAarMetadata UP-TO-DATE
> Task :library:mergeReleaseJniLibFolders UP-TO-DATE
> Task :library:mergeReleaseNativeLibs NO-SOURCE
> Task :library:stripReleaseDebugSymbols NO-SOURCE
> Task :library:copyReleaseJniLibsProjectAndLocalJars UP-TO-DATE
> Task :library:generateReleaseResValues UP-TO-DATE
> Task :library:extractDeepLinksForAarRelease UP-TO-DATE
> Task :library:generateReleaseResources UP-TO-DATE
> Task :library:packageReleaseResources UP-TO-DATE
> Task :library:processReleaseNavigationResources UP-TO-DATE
> Task :library:parseReleaseLocalResources UP-TO-DATE
> Task :library:generateReleaseRFile UP-TO-DATE
> Task :library:compileReleaseKotlinAndroid UP-TO-DATE
> Task :library:extractReleaseAnnotations UP-TO-DATE
> Task :library:mergeReleaseShaders UP-TO-DATE
> Task :library:compileReleaseShaders NO-SOURCE
> Task :library:generateReleaseAssets UP-TO-DATE
> Task :library:releaseAssetsCopyForAGP NO-SOURCE
> Task :library:mergeReleaseAssets UP-TO-DATE
> Task :library:javaPreCompileRelease UP-TO-DATE
> Task :library:compileReleaseJavaWithJavac NO-SOURCE
> Task :library:mergeReleaseGeneratedProguardFiles UP-TO-DATE
> Task :library:mergeReleaseConsumerProguardFiles UP-TO-DATE
> Task :library:prepareReleaseArtProfile UP-TO-DATE
> Task :library:processReleaseManifest UP-TO-DATE
> Task :library:processReleaseJavaRes UP-TO-DATE
> Task :library:mergeReleaseJavaResource UP-TO-DATE
> Task :library:syncReleaseLibJars UP-TO-DATE
> Task :library:writeReleaseAarMetadata UP-TO-DATE
> Task :library:bundleReleaseAar UP-TO-DATE
> Task :library:mapReleaseSourceSetPaths UP-TO-DATE
> Task :library:mergeReleaseResources UP-TO-DATE
> Task :library:verifyReleaseResources UP-TO-DATE
> Task :library:assembleRelease UP-TO-DATE
> Task :library:commonizeNativeDistribution UP-TO-DATE
> Task :library:transformNativeMainDependenciesMetadata UP-TO-DATE
> Task :library:compileNativeMainKotlinMetadata NO-SOURCE
> Task :library:metadataNativeMainProcessResources NO-SOURCE
> Task :library:metadataNativeMainClasses UP-TO-DATE
> Task :library:transformAppleMainDependenciesMetadata UP-TO-DATE
> Task :library:compileAppleMainKotlinMetadata NO-SOURCE
> Task :library:metadataAppleMainProcessResources NO-SOURCE
> Task :library:metadataAppleMainClasses UP-TO-DATE
> Task :library:transformIosMainDependenciesMetadata UP-TO-DATE

> Task :library:compileIosMainKotlinMetadata
w: KLIB resolver: The same 'unique_name=annotation_commonMain' found in more than one library: /Volumes/MacBook_Externo/MacBook_Externo/Downloads/imagepickerproject/ImagePickerKMP/library/build/kotlinTransformedMetadataLibraries/commonMain/androidx.annotation-annotation-1.9.1-commonMain-WmoUwA.klib, /Volumes/MacBook_Externo/MacBook_Externo/Downloads/imagepickerproject/ImagePickerKMP/library/build/kotlinTransformedMetadataLibraries/commonMain/org.jetbrains.compose.annotation-internal-annotation-1.9.1-commonMain-cgDJDA.klib
w: KLIB resolver: The same 'unique_name=collection_commonMain' found in more than one library: /Volumes/MacBook_Externo/MacBook_Externo/Downloads/imagepickerproject/ImagePickerKMP/library/build/kotlinTransformedMetadataLibraries/commonMain/androidx.collection-collection-1.5.0-commonMain-j7f1lg.klib, /Volumes/MacBook_Externo/MacBook_Externo/Downloads/imagepickerproject/ImagePickerKMP/library/build/kotlinTransformedMetadataLibraries/commonMain/org.jetbrains.compose.collection-internal-collection-1.9.1-commonMain-w7Q_Yw.klib
w: KLIB resolver: The same 'unique_name=lifecycle-common_commonMain' found in more than one library: /Volumes/MacBook_Externo/MacBook_Externo/Downloads/imagepickerproject/ImagePickerKMP/library/build/kotlinTransformedMetadataLibraries/commonMain/androidx.lifecycle-lifecycle-common-2.9.4-commonMain-2l5nFA.klib, /Volumes/MacBook_Externo/MacBook_Externo/Downloads/imagepickerproject/ImagePickerKMP/library/build/kotlinTransformedMetadataLibraries/commonMain/org.jetbrains.androidx.lifecycle-lifecycle-common-2.9.5-commonMain-_EOCYQ.klib
w: KLIB resolver: The same 'unique_name=lifecycle-runtime-compose_commonMain' found in more than one library: /Volumes/MacBook_Externo/MacBook_Externo/Downloads/imagepickerproject/ImagePickerKMP/library/build/kotlinTransformedMetadataLibraries/commonMain/androidx.lifecycle-lifecycle-runtime-compose-2.9.4-commonMain-Jyns3Q.klib, /Volumes/MacBook_Externo/MacBook_Externo/Downloads/imagepickerproject/ImagePickerKMP/library/build/kotlinTransformedMetadataLibraries/commonMain/org.jetbrains.androidx.lifecycle-lifecycle-runtime-compose-2.9.5-commonMain-7SP_uA.klib
w: KLIB resolver: The same 'unique_name=lifecycle-runtime_commonMain' found in more than one library: /Volumes/MacBook_Externo/MacBook_Externo/Downloads/imagepickerproject/ImagePickerKMP/library/build/kotlinTransformedMetadataLibraries/commonMain/androidx.lifecycle-lifecycle-runtime-2.9.4-commonMain-IrcNlw.klib, /Volumes/MacBook_Externo/MacBook_Externo/Downloads/imagepickerproject/ImagePickerKMP/library/build/kotlinTransformedMetadataLibraries/commonMain/org.jetbrains.androidx.lifecycle-lifecycle-runtime-2.9.5-commonMain-WvMiUA.klib
w: KLIB resolver: The same 'unique_name=lifecycle-viewmodel-savedstate_commonMain' found in more than one library: /Volumes/MacBook_Externo/MacBook_Externo/Downloads/imagepickerproject/ImagePickerKMP/library/build/kotlinTransformedMetadataLibraries/commonMain/androidx.lifecycle-lifecycle-viewmodel-savedstate-2.9.4-commonMain-KTe1Gw.klib, /Volumes/MacBook_Externo/MacBook_Externo/Downloads/imagepickerproject/ImagePickerKMP/library/build/kotlinTransformedMetadataLibraries/commonMain/org.jetbrains.androidx.lifecycle-lifecycle-viewmodel-savedstate-2.9.5-commonMain-V32Hfg.klib
w: KLIB resolver: The same 'unique_name=lifecycle-viewmodel_commonMain' found in more than one library: /Volumes/MacBook_Externo/MacBook_Externo/Downloads/imagepickerproject/ImagePickerKMP/library/build/kotlinTransformedMetadataLibraries/commonMain/androidx.lifecycle-lifecycle-viewmodel-2.9.4-commonMain-YZugNA.klib, /Volumes/MacBook_Externo/MacBook_Externo/Downloads/imagepickerproject/ImagePickerKMP/library/build/kotlinTransformedMetadataLibraries/commonMain/org.jetbrains.androidx.lifecycle-lifecycle-viewmodel-2.9.5-commonMain-o5UeXw.klib
w: KLIB resolver: The same 'unique_name=runtime-saveable_commonMain' found in more than one library: /Volumes/MacBook_Externo/MacBook_Externo/Downloads/imagepickerproject/ImagePickerKMP/library/build/kotlinTransformedMetadataLibraries/commonMain/androidx.compose.runtime-runtime-saveable-1.9.4-commonMain-0zF0yA.klib, /Volumes/MacBook_Externo/MacBook_Externo/Downloads/imagepickerproject/ImagePickerKMP/library/build/kotlinTransformedMetadataLibraries/commonMain/org.jetbrains.compose.runtime-runtime-saveable-1.9.1-commonMain-_Ef7pA.klib
w: KLIB resolver: The same 'unique_name=runtime_commonMain' found in more than one library: /Volumes/MacBook_Externo/MacBook_Externo/Downloads/imagepickerproject/ImagePickerKMP/library/build/kotlinTransformedMetadataLibraries/commonMain/androidx.compose.runtime-runtime-1.9.4-commonMain-_TGNUg.klib, /Volumes/MacBook_Externo/MacBook_Externo/Downloads/imagepickerproject/ImagePickerKMP/library/build/kotlinTransformedMetadataLibraries/commonMain/org.jetbrains.compose.runtime-runtime-1.9.1-commonMain-QgBs-g.klib

> Task :library:compileKotlinIosArm64
> Task :library:compileKotlinIosSimulatorArm64
> Task :library:compileKotlinIosX64
> Task :library:compileKotlinJs UP-TO-DATE
> Task :library:jsProcessResources NO-SOURCE
> Task :library:jsMainClasses UP-TO-DATE
> Task :library:compileProductionLibraryKotlinJs UP-TO-DATE
> Task :library:jsProductionLibraryCompileSync UP-TO-DATE
> Task :library:iosArm64ProcessResources UP-TO-DATE
> Task :library:iosArm64MainKlibrary

> Task :library:compileTestKotlinIosArm64
w: file:///Volumes/MacBook_Externo/MacBook_Externo/Downloads/imagepickerproject/ImagePickerKMP/library/src/commonTest/kotlin/io/github/ismoy/imagepickerkmp/data/dataSource/CaptureModeMapperTest.kt:95:24 Check for instance is always 'true'.
w: file:///Volumes/MacBook_Externo/MacBook_Externo/Downloads/imagepickerproject/ImagePickerKMP/library/src/commonTest/kotlin/io/github/ismoy/imagepickerkmp/domain/exceptions/ImagePickerExceptionTest.kt:18:20 Check for instance is always 'true'.
w: file:///Volumes/MacBook_Externo/MacBook_Externo/Downloads/imagepickerproject/ImagePickerKMP/library/src/commonTest/kotlin/io/github/ismoy/imagepickerkmp/domain/exceptions/ImagePickerExceptionTest.kt:29:20 Check for instance is always 'true'.
w: file:///Volumes/MacBook_Externo/MacBook_Externo/Downloads/imagepickerproject/ImagePickerKMP/library/src/commonTest/kotlin/io/github/ismoy/imagepickerkmp/domain/exceptions/ImagePickerExceptionTest.kt:39:20 Check for instance is always 'true'.
w: file:///Volumes/MacBook_Externo/MacBook_Externo/Downloads/imagepickerproject/ImagePickerKMP/library/src/commonTest/kotlin/io/github/ismoy/imagepickerkmp/domain/exceptions/ImagePickerExceptionTest.kt:50:20 Check for instance is always 'true'.
w: file:///Volumes/MacBook_Externo/MacBook_Externo/Downloads/imagepickerproject/ImagePickerKMP/library/src/commonTest/kotlin/io/github/ismoy/imagepickerkmp/domain/exceptions/ImagePickerExceptionTest.kt:60:20 Check for instance is always 'true'.
w: file:///Volumes/MacBook_Externo/MacBook_Externo/Downloads/imagepickerproject/ImagePickerKMP/library/src/commonTest/kotlin/io/github/ismoy/imagepickerkmp/domain/exceptions/ImagePickerExceptionTest.kt:71:20 Check for instance is always 'true'.
w: file:///Volumes/MacBook_Externo/MacBook_Externo/Downloads/imagepickerproject/ImagePickerKMP/library/src/commonTest/kotlin/io/github/ismoy/imagepickerkmp/domain/exceptions/ImagePickerExceptionTest.kt:84:20 Check for instance is always 'true'.
w: file:///Volumes/MacBook_Externo/MacBook_Externo/Downloads/imagepickerproject/ImagePickerKMP/library/src/commonTest/kotlin/io/github/ismoy/imagepickerkmp/domain/exceptions/ImagePickerExceptionTest.kt:85:20 Check for instance is always 'true'.
w: file:///Volumes/MacBook_Externo/MacBook_Externo/Downloads/imagepickerproject/ImagePickerKMP/library/src/commonTest/kotlin/io/github/ismoy/imagepickerkmp/domain/exceptions/ImagePickerExceptionTest.kt:86:20 Check for instance is always 'true'.

> Task :library:iosSimulatorArm64ProcessResources UP-TO-DATE
> Task :library:iosSimulatorArm64MainKlibrary

> Task :library:compileTestKotlinIosSimulatorArm64
w: file:///Volumes/MacBook_Externo/MacBook_Externo/Downloads/imagepickerproject/ImagePickerKMP/library/src/commonTest/kotlin/io/github/ismoy/imagepickerkmp/data/dataSource/CaptureModeMapperTest.kt:95:24 Check for instance is always 'true'.
w: file:///Volumes/MacBook_Externo/MacBook_Externo/Downloads/imagepickerproject/ImagePickerKMP/library/src/commonTest/kotlin/io/github/ismoy/imagepickerkmp/domain/exceptions/ImagePickerExceptionTest.kt:18:20 Check for instance is always 'true'.
w: file:///Volumes/MacBook_Externo/MacBook_Externo/Downloads/imagepickerproject/ImagePickerKMP/library/src/commonTest/kotlin/io/github/ismoy/imagepickerkmp/domain/exceptions/ImagePickerExceptionTest.kt:29:20 Check for instance is always 'true'.
w: file:///Volumes/MacBook_Externo/MacBook_Externo/Downloads/imagepickerproject/ImagePickerKMP/library/src/commonTest/kotlin/io/github/ismoy/imagepickerkmp/domain/exceptions/ImagePickerExceptionTest.kt:39:20 Check for instance is always 'true'.
w: file:///Volumes/MacBook_Externo/MacBook_Externo/Downloads/imagepickerproject/ImagePickerKMP/library/src/commonTest/kotlin/io/github/ismoy/imagepickerkmp/domain/exceptions/ImagePickerExceptionTest.kt:50:20 Check for instance is always 'true'.
w: file:///Volumes/MacBook_Externo/MacBook_Externo/Downloads/imagepickerproject/ImagePickerKMP/library/src/commonTest/kotlin/io/github/ismoy/imagepickerkmp/domain/exceptions/ImagePickerExceptionTest.kt:60:20 Check for instance is always 'true'.
w: file:///Volumes/MacBook_Externo/MacBook_Externo/Downloads/imagepickerproject/ImagePickerKMP/library/src/commonTest/kotlin/io/github/ismoy/imagepickerkmp/domain/exceptions/ImagePickerExceptionTest.kt:71:20 Check for instance is always 'true'.
w: file:///Volumes/MacBook_Externo/MacBook_Externo/Downloads/imagepickerproject/ImagePickerKMP/library/src/commonTest/kotlin/io/github/ismoy/imagepickerkmp/domain/exceptions/ImagePickerExceptionTest.kt:84:20 Check for instance is always 'true'.
w: file:///Volumes/MacBook_Externo/MacBook_Externo/Downloads/imagepickerproject/ImagePickerKMP/library/src/commonTest/kotlin/io/github/ismoy/imagepickerkmp/domain/exceptions/ImagePickerExceptionTest.kt:85:20 Check for instance is always 'true'.
w: file:///Volumes/MacBook_Externo/MacBook_Externo/Downloads/imagepickerproject/ImagePickerKMP/library/src/commonTest/kotlin/io/github/ismoy/imagepickerkmp/domain/exceptions/ImagePickerExceptionTest.kt:86:20 Check for instance is always 'true'.

> Task :library:iosX64ProcessResources UP-TO-DATE
> Task :library:iosX64MainKlibrary

> Task :library:compileTestKotlinIosX64
w: file:///Volumes/MacBook_Externo/MacBook_Externo/Downloads/imagepickerproject/ImagePickerKMP/library/src/commonTest/kotlin/io/github/ismoy/imagepickerkmp/data/dataSource/CaptureModeMapperTest.kt:95:24 Check for instance is always 'true'.
w: file:///Volumes/MacBook_Externo/MacBook_Externo/Downloads/imagepickerproject/ImagePickerKMP/library/src/commonTest/kotlin/io/github/ismoy/imagepickerkmp/domain/exceptions/ImagePickerExceptionTest.kt:18:20 Check for instance is always 'true'.
w: file:///Volumes/MacBook_Externo/MacBook_Externo/Downloads/imagepickerproject/ImagePickerKMP/library/src/commonTest/kotlin/io/github/ismoy/imagepickerkmp/domain/exceptions/ImagePickerExceptionTest.kt:29:20 Check for instance is always 'true'.
w: file:///Volumes/MacBook_Externo/MacBook_Externo/Downloads/imagepickerproject/ImagePickerKMP/library/src/commonTest/kotlin/io/github/ismoy/imagepickerkmp/domain/exceptions/ImagePickerExceptionTest.kt:39:20 Check for instance is always 'true'.
w: file:///Volumes/MacBook_Externo/MacBook_Externo/Downloads/imagepickerproject/ImagePickerKMP/library/src/commonTest/kotlin/io/github/ismoy/imagepickerkmp/domain/exceptions/ImagePickerExceptionTest.kt:50:20 Check for instance is always 'true'.
w: file:///Volumes/MacBook_Externo/MacBook_Externo/Downloads/imagepickerproject/ImagePickerKMP/library/src/commonTest/kotlin/io/github/ismoy/imagepickerkmp/domain/exceptions/ImagePickerExceptionTest.kt:60:20 Check for instance is always 'true'.
w: file:///Volumes/MacBook_Externo/MacBook_Externo/Downloads/imagepickerproject/ImagePickerKMP/library/src/commonTest/kotlin/io/github/ismoy/imagepickerkmp/domain/exceptions/ImagePickerExceptionTest.kt:71:20 Check for instance is always 'true'.
w: file:///Volumes/MacBook_Externo/MacBook_Externo/Downloads/imagepickerproject/ImagePickerKMP/library/src/commonTest/kotlin/io/github/ismoy/imagepickerkmp/domain/exceptions/ImagePickerExceptionTest.kt:84:20 Check for instance is always 'true'.
w: file:///Volumes/MacBook_Externo/MacBook_Externo/Downloads/imagepickerproject/ImagePickerKMP/library/src/commonTest/kotlin/io/github/ismoy/imagepickerkmp/domain/exceptions/ImagePickerExceptionTest.kt:85:20 Check for instance is always 'true'.
w: file:///Volumes/MacBook_Externo/MacBook_Externo/Downloads/imagepickerproject/ImagePickerKMP/library/src/commonTest/kotlin/io/github/ismoy/imagepickerkmp/domain/exceptions/ImagePickerExceptionTest.kt:86:20 Check for instance is always 'true'.

> Task :library:metadataIosMainProcessResources UP-TO-DATE
> Task :library:metadataIosMainClasses
> Task :library:iosArm64MetadataElements
> Task :library:iosSimulatorArm64MetadataElements
> Task :library:iosX64MetadataElements
> Task :library:jsPackageJson
> Task :library:jsPublicPackageJson
> Task :library:jsBrowserProductionLibraryDistribution
> Task :library:jsJar UP-TO-DATE
> Task :library:jsNodeProductionLibraryDistribution UP-TO-DATE
> Task :library:compileKotlinJvm UP-TO-DATE
> Task :library:compileJvmMainJava NO-SOURCE
> Task :library:jvmProcessResources NO-SOURCE
> Task :library:processJvmMainResources SKIPPED
> Task :library:jvmMainClasses UP-TO-DATE
> Task :library:jvmJar UP-TO-DATE
> Task :library:linkDebugFrameworkIosArm64
> Task :library:linkDebugFrameworkIosX64
> Task :library:linkDebugFrameworkIosFat
> Task :library:linkDebugFrameworkIosSimulatorArm64
> Task :library:linkReleaseFrameworkIosArm64
> Task :library:linkReleaseFrameworkIosX64
> Task :library:linkReleaseFrameworkIosFat
> Task :library:linkReleaseFrameworkIosSimulatorArm64
> Task :library:compileKotlinWasmJs UP-TO-DATE
> Task :library:wasmJsProcessResources NO-SOURCE
> Task :library:wasmJsMainClasses UP-TO-DATE
> Task :library:wasmJsPackageJson UP-TO-DATE
> Task :library:wasmJsPublicPackageJson UP-TO-DATE
> Task :library:wasmJsJar UP-TO-DATE
> Task :library:assemble
> Task :library:linkDebugTestIosSimulatorArm64
kotlin.RuntimeException: Test exception
Invalid connection: com.apple.coresymbolicationd
    at 3   test.kexe                           0x10267e86f        kfun:io.github.ismoy.imagepickerkmp.domain.utils.LoggerTest#DefaultLogger logError with throwable should not throw exception(){} + 219 (/Volumes/MacBook_Externo/MacBook_Externo/Downloads/imagepickerproject/ImagePickerKMP/library/src/commonTest/kotlin/io/github/ismoy/imagepickerkmp/domain/utils/LoggerTest.kt:38:29)
    at 4   test.kexe                           0x1026802b7        kfun:io.github.ismoy.imagepickerkmp.domain.utils.$LoggerTest$test$0.$LoggerTest$test$0$$FUNCTION_REFERENCE_FOR$DefaultLogger logError with throwable should not throw exception$3.invoke#internal + 79 (/Volumes/MacBook_Externo/MacBook_Externo/Downloads/imagepickerproject/ImagePickerKMP/library/src/commonTest/kotlin/io/github/ismoy/imagepickerkmp/domain/utils/LoggerTest.kt:35:5)
    at 5   test.kexe                           0x10268032f        kfun:io.github.ismoy.imagepickerkmp.domain.utils.$LoggerTest$test$0.$LoggerTest$test$0$$FUNCTION_REFERENCE_FOR$DefaultLogger logError with throwable should not throw exception$3.$<bridge-DNNN>invoke(io.github.ismoy.imagepickerkmp.domain.utils.LoggerTest){}#internal + 99 (/Volumes/MacBook_Externo/MacBook_Externo/Downloads/imagepickerproject/ImagePickerKMP/library/src/commonTest/kotlin/io/github/ismoy/imagepickerkmp/domain/utils/LoggerTest.kt:35:5)
    at 6   test.kexe                           0x10323507b        kfun:kotlin.Function1#invoke(1:0){}1:1-trampoline + 107 (/Users/teamcity/.gradle/daemon/8.12.1/[K][Suspend]Functions:1:1)
    at 7   test.kexe                           0x10314a4eb        kfun:kotlin.native.internal.test.BaseClassSuite.TestCase#doRun(){} + 183 (/opt/buildAgent/work/7377bd4dc65e1c03/kotlin/kotlin-native/runtime/src/main/kotlin/kotlin/native/internal/test/TestSuite.kt:177:22)
    at 9   test.kexe                           0x10314865f        kfun:kotlin.native.internal.test.TestCase#run(){} + 143 (/opt/buildAgent/work/7377bd4dc65e1c03/kotlin/kotlin-native/runtime/src/main/kotlin/kotlin/native/internal/test/TestSuite.kt:52:13)
    at 14  test.kexe                           0x10313b5b3        kfun:kotlin.native.internal.test#testLauncherEntryPoint(kotlin.Array<kotlin.String>){}kotlin.Int + 247 (/opt/buildAgent/work/7377bd4dc65e1c03/kotlin/kotlin-native/runtime/src/main/kotlin/kotlin/native/internal/test/Launcher.kt:33:53)
    at 15  test.kexe                           0x10313b633        kfun:kotlin.native.internal.test#main(kotlin.Array<kotlin.String>){} + 67 (/opt/buildAgent/work/7377bd4dc65e1c03/kotlin/kotlin-native/runtime/src/main/kotlin/kotlin/native/internal/test/Launcher.kt:38:20)
    at 16  test.kexe                           0x10268f9d7        Konan_start + 127 (/Volumes/MacBook_Externo/MacBook_Externo/.gradle/daemon/8.13/entryPointOwner:1:1)
    at 5   test.kexe                           0x10268071f        kfun:io.github.ismoy.imagepickerkmp.domain.utils.$LoggerTest$test$0.$LoggerTest$test$0$$FUNCTION_REFERENCE_FOR$ImagePickerLogger interface should have correct method signatures$7.$<bridge-DNNN>invoke(io.github.ismoy.imagepickerkmp.domain.utils.LoggerTest){}#internal + 99 (/Volumes/MacBook_Externo/MacBook_Externo/Downloads/imagepickerproject/ImagePickerKMP/library/src/commonTest/kotlin/io/github/ismoy/imagepickerkmp/domain/utils/LoggerTest.kt:82:5)
    at 6   test.kexe                           0x10323507b        kfun:kotlin.Function1#invoke(1:0){}1:1-trampoline + 107 (/Users/teamcity/.gradle/daemon/8.12.1/[K][Suspend]Functions:1:1)
    at 7   test.kexe                           0x10314a4eb        kfun:kotlin.native.internal.test.BaseClassSuite.TestCase#doRun(){} + 183 (/opt/buildAgent/work/7377bd4dc65e1c03/kotlin/kotlin-native/runtime/src/main/kotlin/kotlin/native/internal/test/TestSuite.kt:177:22)
    at 8   test.kexe                           0x10323d607        kfun:kotlin.native.internal.test.TestCase#doRun(){}-trampoline + 91 (/opt/buildAgent/work/7377bd4dc65e1c03/kotlin/kotlin-native/runtime/src/main/kotlin/kotlin/native/internal/test/TestSuite.kt:44:5)
    at 10  test.kexe                           0x10323d31b        kfun:kotlin.native.internal.test.TestCase#run(){}-trampoline + 91 (/opt/buildAgent/work/7377bd4dc65e1c03/kotlin/kotlin-native/runtime/src/main/kotlin/kotlin/native/internal/test/TestSuite.kt:49:5)
    at 11  test.kexe                           0x103145863        kfun:kotlin.native.internal.test.TestRunner.run#internal + 3175 (/opt/buildAgent/work/7377bd4dc65e1c03/kotlin/kotlin-native/runtime/src/main/kotlin/kotlin/native/internal/test/TestRunner.kt:263:30)
    at 12  test.kexe                           0x103146793        kfun:kotlin.native.internal.test.TestRunner.runIteration#internal + 2611 (/opt/buildAgent/work/7377bd4dc65e1c03/kotlin/kotlin-native/runtime/src/main/kotlin/kotlin/native/internal/test/TestRunner.kt:289:49)
    at 13  test.kexe                           0x10314703b        kfun:kotlin.native.internal.test.TestRunner#run(){}kotlin.Int + 1139 (/opt/buildAgent/work/7377bd4dc65e1c03/kotlin/kotlin-native/runtime/src/main/kotlin/kotlin/native/internal/test/TestRunner.kt:304:17)
    at 14  test.kexe                           0x10313b5b3        kfun:kotlin.native.internal.test#testLauncherEntryPoint(kotlin.Array<kotlin.String>){}kotlin.Int + 247 (/opt/buildAgent/work/7377bd4dc65e1c03/kotlin/kotlin-native/runtime/src/main/kotlin/kotlin/native/internal/test/Launcher.kt:33:53)
    at 15  test.kexe                           0x10313b633        kfun:kotlin.native.internal.test#main(kotlin.Array<kotlin.String>){} + 67 (/opt/buildAgent/work/7377bd4dc65e1c03/kotlin/kotlin-native/runtime/src/main/kotlin/kotlin/native/internal/test/Launcher.kt:38:20)

    at 16  test.kexe                           0x10268f9d7        Konan_start + 127 (/Volumes/MacBook_Externo/MacBook_Externo/.gradle/daemon/8.13/entryPointOwner:1:1)
> Task :library:iosSimulatorArm64Test
> Task :library:linkDebugTestIosX64
> Task :library:iosX64Test SKIPPED
> Task :library:jsTestPackageJson UP-TO-DATE
> Task :library:wasmJsTestPackageJson UP-TO-DATE
> Task :library:jsTestPublicPackageJson UP-TO-DATE
> Task :library:wasmJsTestPublicPackageJson UP-TO-DATE
> Task :packageJsonUmbrella
> Task :rootPackageJson UP-TO-DATE
> Task :kotlinNpmInstall UP-TO-DATE
> Task :kotlinStoreYarnLock UP-TO-DATE
> Task :library:compileTestKotlinJs UP-TO-DATE
> Task :library:jsTestProcessResources NO-SOURCE
> Task :library:jsTestClasses UP-TO-DATE
> Task :library:compileTestDevelopmentExecutableKotlinJs UP-TO-DATE
> Task :library:jsTestTestDevelopmentExecutableCompileSync UP-TO-DATE
> Task :library:kotlinNodeJsSetup UP-TO-DATE
> Task :library:jsBrowserTest SKIPPED
> Task :library:jsNodeTest SKIPPED
> Task :library:jsTest NO-SOURCE
> Task :library:compileTestKotlinJvm UP-TO-DATE
> Task :library:compileJvmTestJava NO-SOURCE
> Task :library:jvmTestProcessResources NO-SOURCE
> Task :library:processJvmTestResources SKIPPED
> Task :library:jvmTestClasses UP-TO-DATE
> Task :library:jvmTest UP-TO-DATE
> Task :library:bundleLibRuntimeToJarDebug UP-TO-DATE
> Task :library:bundleLibCompileToJarDebug UP-TO-DATE
> Task :library:preDebugUnitTestBuild UP-TO-DATE
> Task :library:checkDebugUnitTestAarMetadata UP-TO-DATE
> Task :library:compileDebugLibraryResources UP-TO-DATE
> Task :library:generateDebugUnitTestResValues UP-TO-DATE
> Task :library:mapDebugUnitTestSourceSetPaths UP-TO-DATE
> Task :library:generateDebugUnitTestResources UP-TO-DATE
> Task :library:mergeDebugUnitTestResources UP-TO-DATE
> Task :library:extractDeepLinksDebug UP-TO-DATE
> Task :library:processDebugUnitTestManifest UP-TO-DATE
> Task :library:processDebugUnitTestResources UP-TO-DATE
> Task :library:compileDebugUnitTestKotlinAndroid UP-TO-DATE
> Task :library:javaPreCompileDebugUnitTest UP-TO-DATE
> Task :library:compileDebugUnitTestJavaWithJavac NO-SOURCE
> Task :library:generateDebugUnitTestAssets UP-TO-DATE
> Task :library:mergeDebugUnitTestAssets UP-TO-DATE
> Task :library:packageDebugUnitTestForUnitTest UP-TO-DATE
> Task :library:generateDebugUnitTestConfig UP-TO-DATE
> Task :library:processDebugUnitTestJavaRes UP-TO-DATE
> Task :library:testDebugUnitTest UP-TO-DATE
> Task :library:bundleLibRuntimeToJarRelease UP-TO-DATE
> Task :library:bundleLibCompileToJarRelease UP-TO-DATE
> Task :library:preReleaseUnitTestBuild UP-TO-DATE
> Task :library:checkReleaseUnitTestAarMetadata UP-TO-DATE
> Task :library:compileReleaseLibraryResources UP-TO-DATE
> Task :library:generateReleaseUnitTestResValues UP-TO-DATE
> Task :library:mapReleaseUnitTestSourceSetPaths UP-TO-DATE
> Task :library:generateReleaseUnitTestResources UP-TO-DATE
> Task :library:mergeReleaseUnitTestResources UP-TO-DATE
> Task :library:extractDeepLinksRelease UP-TO-DATE
> Task :library:processReleaseUnitTestManifest UP-TO-DATE
> Task :library:processReleaseUnitTestResources UP-TO-DATE
> Task :library:compileReleaseUnitTestKotlinAndroid UP-TO-DATE
> Task :library:javaPreCompileReleaseUnitTest UP-TO-DATE
> Task :library:compileReleaseUnitTestJavaWithJavac NO-SOURCE
> Task :library:generateReleaseUnitTestAssets UP-TO-DATE
> Task :library:mergeReleaseUnitTestAssets UP-TO-DATE
> Task :library:packageReleaseUnitTestForUnitTest UP-TO-DATE
> Task :library:generateReleaseUnitTestConfig UP-TO-DATE
> Task :library:processReleaseUnitTestJavaRes UP-TO-DATE
> Task :library:testReleaseUnitTest UP-TO-DATE
> Task :library:compileTestKotlinWasmJs UP-TO-DATE
> Task :library:wasmJsTestProcessResources NO-SOURCE
> Task :library:wasmJsTestClasses UP-TO-DATE
> Task :library:compileTestDevelopmentExecutableKotlinWasmJs UP-TO-DATE
> Task :library:wasmJsTestTestDevelopmentExecutableCompileSync UP-TO-DATE
> Task :library:wasmJsBrowserTest SKIPPED
> Task :library:wasmJsTest NO-SOURCE
> Task :library:allTests
> Task :library:jacocoTestReport UP-TO-DATE
> Task :library:bundleDebugLocalLintAar UP-TO-DATE
> Task :library:createFullJarDebug UP-TO-DATE
> Task :library:preDebugAndroidTestBuild UP-TO-DATE
> Task :library:generateDebugAndroidTestResValues UP-TO-DATE
> Task :library:writeDebugLintModelMetadata UP-TO-DATE
> Task :library:generateDebugAndroidTestLintModel UP-TO-DATE
> Task :library:extractProguardFiles UP-TO-DATE
> Task :library:generateDebugLintReportModel UP-TO-DATE
> Task :library:generateDebugUnitTestLintModel UP-TO-DATE
> Task :library:lintAnalyzeDebug UP-TO-DATE
> Task :library:lintAnalyzeDebugAndroidTest UP-TO-DATE
> Task :library:lintAnalyzeDebugUnitTest UP-TO-DATE
> Task :library:lintReportDebug UP-TO-DATE
> Task :library:lintDebug
> Task :library:lint
> Task :library:test UP-TO-DATE
> Task :library:check
> Task :library:build

> Task :library:createZeroConfigBundle
Generating zero-config bundle...
ðŸ”§ Create bundle with WebRTC ...
 Bundle WebRTC created successfully: ./build/js/packages/ImagePickerKMP-library/ImagePickerKMP-bundle.js
 Weight: 17 KB
 Bundle copied to npm directory: ./build/js/packages/library-library/ImagePickerKMP-bundle.js
 Bundle TypeScript declarations created: ./build/js/packages/ImagePickerKMP-library/ImagePickerKMP-bundle.d.ts
 Bundle TypeScript declarations copied to npm directory: ./build/js/packages/library-library/ImagePickerKMP-bundle.d.ts
Zero-config bundle found!
Size: 16 KB
Location: /Volumes/MacBook_Externo/MacBook_Externo/Downloads/imagepickerproject/ImagePickerKMP/build/js/packages/ImagePickerKMP-library/ImagePickerKMP-bundle.js
Bundle copied to production library directory: /Volumes/MacBook_Externo/MacBook_Externo/Downloads/imagepickerproject/ImagePickerKMP/library/build/dist/js/productionLibrary/ImagePickerKMP-bundle.js
Bundle TypeScript declarations copied: /Volumes/MacBook_Externo/MacBook_Externo/Downloads/imagepickerproject/ImagePickerKMP/library/build/dist/js/productionLibrary/ImagePickerKMP-bundle.d.ts

> Task :library:buildNpmZeroConfig
Zero-config NPM package ready!
Location: /Volumes/MacBook_Externo/MacBook_Externo/Downloads/imagepickerproject/ImagePickerKMP/library/build/js/packages/library-library
Install with: npm install /Volumes/MacBook_Externo/MacBook_Externo/Downloads/imagepickerproject/ImagePickerKMP/library/build/js/packages/library-library

Usage example:
   // ES6 Import
   import ImagePickerKMP from 'imagepickerkmp';

   // CommonJS
   const ImagePickerKMP = require('imagepickerkmp');

   // Usage
   ImagePickerKMP.ImagePickerLauncher(onSuccess, onError, onCancel);

Test: open /Volumes/MacBook_Externo/MacBook_Externo/Downloads/imagepickerproject/ImagePickerKMP/library/build/js/packages/library-library/test-zero-config.html

[Incubating] Problems report is available at: file:///Volumes/MacBook_Externo/MacBook_Externo/Downloads/imagepickerproject/ImagePickerKMP/build/reports/problems/problems-report.html

Deprecated Gradle features were used in this build, making it incompatible with Gradle 9.0.

You can use '--warning-mode all' to show the individual deprecation warnings and determine if they come from your own scripts or plugins.

For more on this, please refer to https://docs.gradle.org/8.13/userguide/command_line_interface.html#sec:command_line_warnings in the Gradle documentation.

BUILD SUCCESSFUL in 7m 21s
175 actionable tasks: 29 executed, 146 up-to-date
